Frame_JAVA/build/outputs/logs/manifest-merger-debug-report.txt
-- Merging decision tree log ---
manifest
ADDED from Frame_JAVA\AndroidManifest.xml:2:1-87:12
	xmlns:android
		ADDED from Frame_JAVA\AndroidManifest.xml:2:11-69
	package
		ADDED from Frame_JAVA\AndroidManifest.xml:3:5-29
	android:versionName
		ADDED from Frame_JAVA\AndroidManifest.xml:5:5-30
	android:versionCode
		ADDED from Frame_JAVA\AndroidManifest.xml:4:5-28
		INJECTED from Frame_JAVA\AndroidManifest.xml
		INJECTED from Frame_JAVA\AndroidManifest.xml
uses-sdk
ADDED from Frame_JAVA\AndroidManifest.xml:7:5-9:41
MERGED from [kuangjia:youtuiCore_lib:unspecified] AndroidManifest.xml:7:5-9:41
MERGED from [kuangjia:android-support-v7-appcompat:unspecified] AndroidManifest.xml:20:5-43
	android:targetSdkVersion
		ADDED from Frame_JAVA\AndroidManifest.xml:9:9-38
	android:minSdkVersion
		ADDED from Frame_JAVA\AndroidManifest.xml:8:9-34
uses-permission#android.permission.INTERNET
ADDED from Frame_JAVA\AndroidManifest.xml:12:5-67
	android:name
		ADDED from Frame_JAVA\AndroidManifest.xml:12:22-64
uses-permission#android.permission.ACCESS_NETWORK_STATE
ADDED from Frame_JAVA\AndroidManifest.xml:13:5-79
	android:name
		ADDED from Frame_JAVA\AndroidManifest.xml:13:22-76
uses-permission#android.permission.CHANGE_WIFI_STATE
ADDED from Frame_JAVA\AndroidManifest.xml:14:5-76
	android:name
		ADDED from Frame_JAVA\AndroidManifest.xml:14:22-73
uses-permission#android.permission.WRITE_EXTERNAL_STORAGE
ADDED from Frame_JAVA\AndroidManifest.xml:16:5-81
	android:name
		ADDED from Frame_JAVA\AndroidManifest.xml:16:22-78
uses-permission#android.permission.MOUNT_UNMOUNT_FILESYSTEMS
ADDED from Frame_JAVA\AndroidManifest.xml:17:5-84
	android:name
		ADDED from Frame_JAVA\AndroidManifest.xml:17:22-81
application
ADDED from Frame_JAVA\AndroidManifest.xml:19:5-85:19
MERGED from [kuangjia:youtuiCore_lib:unspecified] AndroidManifest.xml:11:5-20
MERGED from [kuangjia:android-support-v7-appcompat:unspecified] AndroidManifest.xml:22:5-20
	android:label
		ADDED from Frame_JAVA\AndroidManifest.xml:23:9-41
	android:allowBackup
		ADDED from Frame_JAVA\AndroidManifest.xml:21:9-35
	android:icon
		ADDED from Frame_JAVA\AndroidManifest.xml:22:9-45
	android:theme
		ADDED from Frame_JAVA\AndroidManifest.xml:24:9-42
	android:name
		ADDED from Frame_JAVA\AndroidManifest.xml:20:9-51
activity#com.easaa.main.WelcomeActivity
ADDED from Frame_JAVA\AndroidManifest.xml:27:9-37:20
	android:windowSoftInputMode
		ADDED from Frame_JAVA\AndroidManifest.xml:31:13-64
	android:screenOrientation
		ADDED from Frame_JAVA\AndroidManifest.xml:29:13-49
	android:theme
		ADDED from Frame_JAVA\AndroidManifest.xml:30:13-46
	android:name
		ADDED from Frame_JAVA\AndroidManifest.xml:28:13-58
intent-filter#android.intent.action.MAIN+android.intent.category.LAUNCHER
ADDED from Frame_JAVA\AndroidManifest.xml:32:13-36:29
action#android.intent.action.MAIN
ADDED from Frame_JAVA\AndroidManifest.xml:33:17-69
	android:name
		ADDED from Frame_JAVA\AndroidManifest.xml:33:25-66
category#android.intent.category.LAUNCHER
ADDED from Frame_JAVA\AndroidManifest.xml:35:17-77
	android:name
		ADDED from Frame_JAVA\AndroidManifest.xml:35:27-74
activity#com.easaa.main.GuideActivity
ADDED from Frame_JAVA\AndroidManifest.xml:40:9-44:67
	android:windowSoftInputMode
		ADDED from Frame_JAVA\AndroidManifest.xml:44:13-64
	android:screenOrientation
		ADDED from Frame_JAVA\AndroidManifest.xml:42:13-49
	android:theme
		ADDED from Frame_JAVA\AndroidManifest.xml:43:13-46
	android:name
		ADDED from Frame_JAVA\AndroidManifest.xml:41:13-56
activity#com.easaa.activity.MainActivity
ADDED from Frame_JAVA\AndroidManifest.xml:47:9-52:20
	android:windowSoftInputMode
		ADDED from Frame_JAVA\AndroidManifest.xml:51:13-64
	android:screenOrientation
		ADDED from Frame_JAVA\AndroidManifest.xml:49:13-49
	android:theme
		ADDED from Frame_JAVA\AndroidManifest.xml:50:13-46
	android:name
		ADDED from Frame_JAVA\AndroidManifest.xml:48:13-59
activity#com.easaa.activity.MainFragmentActivity
ADDED from Frame_JAVA\AndroidManifest.xml:55:10-60:67
	android:windowSoftInputMode
		ADDED from Frame_JAVA\AndroidManifest.xml:60:13-64
	android:screenOrientation
		ADDED from Frame_JAVA\AndroidManifest.xml:58:13-49
	android:theme
		ADDED from Frame_JAVA\AndroidManifest.xml:59:13-48
	android:name
		ADDED from Frame_JAVA\AndroidManifest.xml:56:13-67
	android:launchMode
		ADDED from Frame_JAVA\AndroidManifest.xml:57:13-43
activity#com.easaa.activity.FirstActivity
ADDED from Frame_JAVA\AndroidManifest.xml:62:9-67:20
	android:windowSoftInputMode
		ADDED from Frame_JAVA\AndroidManifest.xml:66:13-64
	android:screenOrientation
		ADDED from Frame_JAVA\AndroidManifest.xml:64:13-49
	android:theme
		ADDED from Frame_JAVA\AndroidManifest.xml:65:13-46
	android:name
		ADDED from Frame_JAVA\AndroidManifest.xml:63:13-60
activity#com.easaa.activity.SecondActivity
ADDED from Frame_JAVA\AndroidManifest.xml:69:9-74:20
	android:windowSoftInputMode
		ADDED from Frame_JAVA\AndroidManifest.xml:73:13-64
	android:screenOrientation
		ADDED from Frame_JAVA\AndroidManifest.xml:71:13-49
	android:theme
		ADDED from Frame_JAVA\AndroidManifest.xml:72:13-46
	android:name
		ADDED from Frame_JAVA\AndroidManifest.xml:70:13-61
activity#com.alipay.sdk.app.H5PayActivity
ADDED from Frame_JAVA\AndroidManifest.xml:78:9-83:70
	android:windowSoftInputMode
		ADDED from Frame_JAVA\AndroidManifest.xml:83:13-67
	android:screenOrientation
		ADDED from Frame_JAVA\AndroidManifest.xml:82:13-47
	android:configChanges
		ADDED from Frame_JAVA\AndroidManifest.xml:80:13-74
	android:exported
		ADDED from Frame_JAVA\AndroidManifest.xml:81:13-37
	android:name
		ADDED from Frame_JAVA\AndroidManifest.xml:79:13-60